<?xml version="1.0" encoding="UTF-8"?>
<!-- Generated by org.testng.reporters.JUnitReportReporter -->
<testsuite hostname="LTIN186030" failures="0" tests="1" name="testCases.TC_07_confirmDetails" time="3.814" errors="0" timestamp="2024-02-29T14:37:10 IST" skipped="0">
  <testcase classname="testCases.TC_07_confirmDetails" name="confirm_the_details_in_confirm_details_section" time="3.814"/>
  <system-out/>
</testsuite> <!-- testCases.TC_07_confirmDetails -->
