<?xml version="1.0" encoding="UTF-8"?>
<!-- Generated by org.testng.reporters.JUnitReportReporter -->
<testsuite hostname="LTIN186030" failures="0" tests="2" name="testCases.TC_06_validation" time="24.663" errors="0" timestamp="2024-02-29T14:37:10 IST" skipped="0">
  <testcase classname="testCases.TC_06_validation" name="validate_the_email_id" time="11.225"/>
  <system-out/>
  <testcase classname="testCases.TC_06_validation" name="the_id_is_not_valid_and_user_gives_correct_email_id" time="13.438"/>
  <system-out/>
</testsuite> <!-- testCases.TC_06_validation -->
