<?xml version="1.0" encoding="UTF-8"?>
<!-- Generated by org.testng.reporters.JUnitReportReporter -->
<testsuite hostname="LTIN186030" failures="0" tests="3" name="testCases.TC_01_itemToBeSearched" time="12.063" errors="0" timestamp="2024-02-29T14:37:10 IST" skipped="0">
  <testcase classname="testCases.TC_01_itemToBeSearched" name="openBrowser" time="5.205"/>
  <system-out/>
  <testcase classname="testCases.TC_01_itemToBeSearched" name="getItemName" time="4.658"/>
  <system-out/>
  <testcase classname="testCases.TC_01_itemToBeSearched" name="closePopUp" time="2.200"/>
  <system-out/>
</testsuite> <!-- testCases.TC_01_itemToBeSearched -->
