<?xml version="1.0" encoding="UTF-8"?>
<!-- Generated by org.testng.reporters.JUnitReportReporter -->
<testsuite hostname="LTIN186030" failures="0" tests="2" name="testCases.TC_03_getItems" time="3.370" errors="0" timestamp="2024-02-29T12:42:40 IST" skipped="1">
  <testcase classname="testCases.TC_03_getItems" name="fetch_the_top_three_items_print_all_details_in_console_output" time="3.370"/>
  <system-out/>
  <testcase classname="testCases.TC_03_getItems" name="fetch_the_top_three_items_print_all_details_in_console_output" time="0.000">
    <skipped/>
  </testcase> <!-- fetch_the_top_three_items_print_all_details_in_console_output -->
  <system-out/>
</testsuite> <!-- testCases.TC_03_getItems -->
