<?xml version="1.0" encoding="UTF-8"?>
<!-- Generated by org.testng.reporters.JUnitReportReporter -->
<testsuite hostname="LTIN186030" failures="0" tests="10" name="testCases.TC_05_giftCard" time="59.911" errors="0" timestamp="2024-02-29T12:42:40 IST" skipped="5">
  <testcase classname="testCases.TC_05_giftCard" name="user_clicks_on_gift_cards" time="0.000">
    <skipped/>
  </testcase> <!-- user_clicks_on_gift_cards -->
  <system-out/>
  <testcase classname="testCases.TC_05_giftCard" name="user_clicks_on_gift_cards" time="42.254"/>
  <system-out/>
  <testcase classname="testCases.TC_05_giftCard" name="chooses_birthday_or_anniversary" time="0.000">
    <skipped/>
  </testcase> <!-- chooses_birthday_or_anniversary -->
  <system-out/>
  <testcase classname="testCases.TC_05_giftCard" name="chooses_birthday_or_anniversary" time="5.093"/>
  <system-out/>
  <testcase classname="testCases.TC_05_giftCard" name="enters_the_valid_amount_month_and_date" time="4.343"/>
  <system-out/>
  <testcase classname="testCases.TC_05_giftCard" name="enters_the_valid_amount_month_and_date" time="0.000">
    <skipped/>
  </testcase> <!-- enters_the_valid_amount_month_and_date -->
  <system-out/>
  <testcase classname="testCases.TC_05_giftCard" name="clicks_on_the_next_button" time="3.095"/>
  <system-out/>
  <testcase classname="testCases.TC_05_giftCard" name="clicks_on_the_next_button" time="0.000">
    <skipped/>
  </testcase> <!-- clicks_on_the_next_button -->
  <system-out/>
  <testcase classname="testCases.TC_05_giftCard" name="fills_to_from_details" time="5.126"/>
  <system-out/>
  <testcase classname="testCases.TC_05_giftCard" name="fills_to_from_details" time="0.000">
    <skipped/>
  </testcase> <!-- fills_to_from_details -->
  <system-out/>
</testsuite> <!-- testCases.TC_05_giftCard -->
