<?xml version="1.0" encoding="UTF-8"?>
<!-- Generated by org.testng.reporters.JUnitReportReporter -->
<testsuite hostname="LTIN186030" failures="0" tests="2" name="testCases.TC_07_confirmDetails" time="3.441" errors="0" timestamp="2024-02-29T12:42:40 IST" skipped="1">
  <testcase classname="testCases.TC_07_confirmDetails" name="confirm_the_details_in_confirm_details_section" time="0.000">
    <skipped/>
  </testcase> <!-- confirm_the_details_in_confirm_details_section -->
  <system-out/>
  <testcase classname="testCases.TC_07_confirmDetails" name="confirm_the_details_in_confirm_details_section" time="3.441"/>
  <system-out/>
</testsuite> <!-- testCases.TC_07_confirmDetails -->
