<?xml version="1.0" encoding="UTF-8"?>
<!-- Generated by org.testng.reporters.JUnitReportReporter -->
<testsuite hostname="LTIN186030" failures="0" tests="5" name="testCases.TC_05_giftCard" time="24.357" errors="0" timestamp="2024-02-29T14:37:10 IST" skipped="0">
  <testcase classname="testCases.TC_05_giftCard" name="user_clicks_on_gift_cards" time="7.487"/>
  <system-out/>
  <testcase classname="testCases.TC_05_giftCard" name="chooses_birthday_or_anniversary" time="5.181"/>
  <system-out/>
  <testcase classname="testCases.TC_05_giftCard" name="enters_the_valid_amount_month_and_date" time="3.753"/>
  <system-out/>
  <testcase classname="testCases.TC_05_giftCard" name="clicks_on_the_next_button" time="3.127"/>
  <system-out/>
  <testcase classname="testCases.TC_05_giftCard" name="fills_to_from_details" time="4.809"/>
  <system-out/>
</testsuite> <!-- testCases.TC_05_giftCard -->
