<?xml version="1.0" encoding="UTF-8"?>
<!-- Generated by org.testng.reporters.JUnitReportReporter -->
<testsuite hostname="LTIN186030" failures="0" tests="2" name="testCases.TC_04_living" time="4.356" errors="0" timestamp="2024-02-29T14:37:10 IST" skipped="0">
  <testcase classname="testCases.TC_04_living" name="user_clicks_on_the_living_menu" time="0.191"/>
  <system-out/>
  <testcase classname="testCases.TC_04_living" name="retrieve_all_items_under_living_storage_sub_menu_and_print_the_same_on_the_console" time="4.165"/>
  <system-out/>
</testsuite> <!-- testCases.TC_04_living -->
