<?xml version="1.0" encoding="UTF-8"?>
<!-- Generated by org.testng.reporters.JUnitReportReporter -->
<testsuite hostname="LTIN186030" failures="0" tests="4" name="testCases.TC_04_living" time="3.920" errors="0" timestamp="2024-02-29T12:42:40 IST" skipped="2">
  <testcase classname="testCases.TC_04_living" name="user_clicks_on_the_living_menu" time="0.000">
    <skipped/>
  </testcase> <!-- user_clicks_on_the_living_menu -->
  <system-out/>
  <testcase classname="testCases.TC_04_living" name="user_clicks_on_the_living_menu" time="0.090"/>
  <system-out/>
  <testcase classname="testCases.TC_04_living" name="retrieve_all_items_under_living_storage_sub_menu_and_print_the_same_on_the_console" time="0.000">
    <skipped/>
  </testcase> <!-- retrieve_all_items_under_living_storage_sub_menu_and_print_the_same_on_the_console -->
  <system-out/>
  <testcase classname="testCases.TC_04_living" name="retrieve_all_items_under_living_storage_sub_menu_and_print_the_same_on_the_console" time="3.830"/>
  <system-out/>
</testsuite> <!-- testCases.TC_04_living -->
