<?xml version="1.0" encoding="UTF-8"?>
<!-- Generated by org.testng.reporters.JUnitReportReporter -->
<testsuite hostname="LTIN186030" failures="0" tests="1" name="testCases.TC_03_getItems" time="3.706" errors="0" timestamp="2024-02-29T15:18:00 IST" skipped="0">
  <testcase classname="testCases.TC_03_getItems" name="fetch_the_top_three_items_print_all_details_in_console_output" time="3.706"/>
</testsuite> <!-- testCases.TC_03_getItems -->
