<?xml version="1.0" encoding="UTF-8"?>
<!-- Generated by org.testng.reporters.JUnitReportReporter -->
<testsuite hostname="LTIN186030" failures="0" tests="4" name="testCases.TC_02_conditions" time="14.238" errors="0" timestamp="2024-02-29T15:18:00 IST" skipped="0">
  <testcase classname="testCases.TC_02_conditions" name="select_the_price_range_below_fifteen_thousand" time="4.304"/>
  <testcase classname="testCases.TC_02_conditions" name="chooses_the_category_kid_bookshelves" time="3.377"/>
  <testcase classname="testCases.TC_02_conditions" name="exclude_out_of_stock" time="3.179"/>
  <testcase classname="testCases.TC_02_conditions" name="sorts_by_price_high_to_low" time="3.378"/>
</testsuite> <!-- testCases.TC_02_conditions -->
