<?xml version="1.0" encoding="UTF-8"?>
<!-- Generated by org.testng.reporters.JUnitReportReporter -->
<testsuite hostname="LTIN186030" failures="0" tests="3" name="testCases.TC_01_itemToBeSearched" time="12.943" errors="0" timestamp="2024-02-29T15:18:00 IST" skipped="0">
  <testcase classname="testCases.TC_01_itemToBeSearched" name="openBrowser" time="5.849"/>
  <testcase classname="testCases.TC_01_itemToBeSearched" name="getItemName" time="4.916"/>
  <testcase classname="testCases.TC_01_itemToBeSearched" name="closePopUp" time="2.178"/>
</testsuite> <!-- testCases.TC_01_itemToBeSearched -->
