<?xml version="1.0" encoding="UTF-8"?>
<!-- Generated by org.testng.reporters.JUnitReportReporter -->
<testsuite hostname="LTIN186030" failures="0" tests="1" name="testCases.TC_07_confirmDetails" time="3.665" errors="0" timestamp="2024-02-29T15:18:00 IST" skipped="0">
  <testcase classname="testCases.TC_07_confirmDetails" name="confirm_the_details_in_confirm_details_section" time="3.665"/>
</testsuite> <!-- testCases.TC_07_confirmDetails -->
