<?xml version="1.0" encoding="UTF-8"?>
<!-- Generated by org.testng.reporters.JUnitReportReporter -->
<testsuite hostname="LTIN186030" failures="0" tests="2" name="testCases.TC_06_validation" time="24.488" errors="0" timestamp="2024-02-29T15:18:00 IST" skipped="0">
  <testcase classname="testCases.TC_06_validation" name="validate_the_email_id" time="11.199"/>
  <testcase classname="testCases.TC_06_validation" name="the_id_is_not_valid_and_user_gives_correct_email_id" time="13.289"/>
</testsuite> <!-- testCases.TC_06_validation -->
